<?xml version="1.0" encoding="UTF-8"?>
<testng-results skipped="0" failed="1" ignored="0" total="3" passed="2">
  <reporter-output>
  </reporter-output>
  <suite name="Default suite" duration-ms="160976" started-at="2022-01-06T22:20:51 IST" finished-at="2022-01-06T22:23:32 IST">
    <groups>
    </groups>
    <test name="Default test" duration-ms="160976" started-at="2022-01-06T22:20:51 IST" finished-at="2022-01-06T22:23:32 IST">
      <class name="Appium.framework.Testcases">
        <test-method status="PASS" signature="bt()[pri:0, instance:Appium.framework.Testcases@1a18f1b]" name="bt" is-config="true" duration-ms="18433" started-at="2022-01-06T22:20:51 IST" finished-at="2022-01-06T22:21:10 IST">
          <reporter-output>
          </reporter-output>
        </test-method> <!-- bt -->
        <test-method status="PASS" signature="searchhistory_1()[pri:0, instance:Appium.framework.Testcases@1a18f1b]" name="searchhistory_1" duration-ms="65582" started-at="2022-01-06T22:21:10 IST" finished-at="2022-01-06T22:22:16 IST">
          <reporter-output>
          </reporter-output>
        </test-method> <!-- searchhistory_1 -->
        <test-method status="PASS" signature="search_1()[pri:1, instance:Appium.framework.Testcases@1a18f1b]" name="search_1" duration-ms="9621" started-at="2022-01-06T22:22:16 IST" depends-on-methods="Appium.framework.Testcases.searchhistory_1" finished-at="2022-01-06T22:22:25 IST">
          <reporter-output>
          </reporter-output>
        </test-method> <!-- search_1 -->
        <test-method status="FAIL" signature="search_2()[pri:2, instance:Appium.framework.Testcases@1a18f1b]" name="search_2" duration-ms="67215" started-at="2022-01-06T22:22:25 IST" depends-on-methods="Appium.framework.Testcases.search_1" finished-at="2022-01-06T22:23:32 IST">
          <exception class="org.openqa.selenium.NoSuchElementException">
            <message>
              <![CDATA[An element could not be located on the page using the given search parameters.
For documentation on this error, please visit: https://www.seleniumhq.org/exceptions/no_such_element.html
Build info: version: '3.141.59', revision: 'e82be7d358', time: '2018-11-14T08:17:03'
System info: host: 'DESKTOP-56UM7GO', ip: '192.168.29.73', os.name: 'Windows 10', os.arch: 'x86', os.version: '10.0', java.version: '1.8.0_181'
Driver info: io.appium.java_client.android.AndroidDriver
Capabilities {appActivity: com.amazon.twa.CustomTWALau..., appPackage: in.amazon.mShop.android.sho..., automationName: UIAutomator2, chromedriverExecutable: C:\Users\Admin\Downloads\ch..., databaseEnabled: false, desired: {appActivity: com.amazon.twa.CustomTWALau..., appPackage: in.amazon.mShop.android.sho..., automationName: UIAutomator2, chromedriverExecutable: C:\Users\Admin\Downloads\ch..., deviceName: SM M013F, noReset: true, platformName: android}, deviceApiLevel: 29, deviceManufacturer: samsung, deviceModel: SM-M013F, deviceName: RZ8N81GXJ9L, deviceScreenDensity: 320, deviceScreenSize: 720x1480, deviceUDID: RZ8N81GXJ9L, javascriptEnabled: true, locationContextEnabled: false, networkConnectionEnabled: true, noReset: true, pixelRatio: 2, platform: LINUX, platformName: Android, platformVersion: 10, statBarHeight: 48, takesScreenshot: true, viewportRect: {height: 1336, left: 0, top: 48, width: 720}, warnings: {}, webStorageEnabled: false}
Session ID: dba0d5d3-f4a6-44df-bffa-6a249dceff38
*** Element info: {Using=xpath, value=//*[@text='Add to Cart from seller M.M.Enterprise. and price ₹700.00']}]]>
            </message>
            <full-stacktrace>
              <![CDATA[org.openqa.selenium.NoSuchElementException: An element could not be located on the page using the given search parameters.
For documentation on this error, please visit: https://www.seleniumhq.org/exceptions/no_such_element.html
Build info: version: '3.141.59', revision: 'e82be7d358', time: '2018-11-14T08:17:03'
System info: host: 'DESKTOP-56UM7GO', ip: '192.168.29.73', os.name: 'Windows 10', os.arch: 'x86', os.version: '10.0', java.version: '1.8.0_181'
Driver info: io.appium.java_client.android.AndroidDriver
Capabilities {appActivity: com.amazon.twa.CustomTWALau..., appPackage: in.amazon.mShop.android.sho..., automationName: UIAutomator2, chromedriverExecutable: C:\Users\Admin\Downloads\ch..., databaseEnabled: false, desired: {appActivity: com.amazon.twa.CustomTWALau..., appPackage: in.amazon.mShop.android.sho..., automationName: UIAutomator2, chromedriverExecutable: C:\Users\Admin\Downloads\ch..., deviceName: SM M013F, noReset: true, platformName: android}, deviceApiLevel: 29, deviceManufacturer: samsung, deviceModel: SM-M013F, deviceName: RZ8N81GXJ9L, deviceScreenDensity: 320, deviceScreenSize: 720x1480, deviceUDID: RZ8N81GXJ9L, javascriptEnabled: true, locationContextEnabled: false, networkConnectionEnabled: true, noReset: true, pixelRatio: 2, platform: LINUX, platformName: Android, platformVersion: 10, statBarHeight: 48, takesScreenshot: true, viewportRect: {height: 1336, left: 0, top: 48, width: 720}, warnings: {}, webStorageEnabled: false}
Session ID: dba0d5d3-f4a6-44df-bffa-6a249dceff38
*** Element info: {Using=xpath, value=//*[@text='Add to Cart from seller M.M.Enterprise. and price ₹700.00']}
at sun.reflect.NativeConstructorAccessorImpl.newInstance0(Native Method)
at sun.reflect.NativeConstructorAccessorImpl.newInstance(NativeConstructorAccessorImpl.java:62)
at sun.reflect.DelegatingConstructorAccessorImpl.newInstance(DelegatingConstructorAccessorImpl.java:45)
at java.lang.reflect.Constructor.newInstance(Constructor.java:423)
at org.openqa.selenium.remote.http.W3CHttpResponseCodec.createException(W3CHttpResponseCodec.java:187)
at org.openqa.selenium.remote.http.W3CHttpResponseCodec.decode(W3CHttpResponseCodec.java:122)
at org.openqa.selenium.remote.http.W3CHttpResponseCodec.decode(W3CHttpResponseCodec.java:49)
at org.openqa.selenium.remote.HttpCommandExecutor.execute(HttpCommandExecutor.java:158)
at io.appium.java_client.remote.AppiumCommandExecutor.execute(AppiumCommandExecutor.java:239)
at org.openqa.selenium.remote.RemoteWebDriver.execute(RemoteWebDriver.java:552)
at io.appium.java_client.DefaultGenericMobileDriver.execute(DefaultGenericMobileDriver.java:41)
at io.appium.java_client.AppiumDriver.execute(AppiumDriver.java:1)
at io.appium.java_client.android.AndroidDriver.execute(AndroidDriver.java:1)
at org.openqa.selenium.remote.RemoteWebDriver.findElement(RemoteWebDriver.java:323)
at io.appium.java_client.DefaultGenericMobileDriver.findElement(DefaultGenericMobileDriver.java:61)
at io.appium.java_client.AppiumDriver.findElement(AppiumDriver.java:1)
at io.appium.java_client.android.AndroidDriver.findElement(AndroidDriver.java:1)
at org.openqa.selenium.remote.RemoteWebDriver.findElementByXPath(RemoteWebDriver.java:428)
at io.appium.java_client.DefaultGenericMobileDriver.findElementByXPath(DefaultGenericMobileDriver.java:151)
at io.appium.java_client.AppiumDriver.findElementByXPath(AppiumDriver.java:1)
at io.appium.java_client.android.AndroidDriver.findElementByXPath(AndroidDriver.java:1)
at org.openqa.selenium.By$ByXPath.findElement(By.java:353)
at org.openqa.selenium.remote.RemoteWebDriver.findElement(RemoteWebDriver.java:315)
at io.appium.java_client.DefaultGenericMobileDriver.findElement(DefaultGenericMobileDriver.java:57)
at io.appium.java_client.AppiumDriver.findElement(AppiumDriver.java:1)
at io.appium.java_client.android.AndroidDriver.findElement(AndroidDriver.java:1)
at Appium.framework.Testcases.search_2(Testcases.java:68)
at sun.reflect.NativeMethodAccessorImpl.invoke0(Native Method)
at sun.reflect.NativeMethodAccessorImpl.invoke(NativeMethodAccessorImpl.java:62)
at sun.reflect.DelegatingMethodAccessorImpl.invoke(DelegatingMethodAccessorImpl.java:43)
at java.lang.reflect.Method.invoke(Method.java:498)
at org.testng.internal.MethodInvocationHelper.invokeMethod(MethodInvocationHelper.java:133)
at org.testng.internal.TestInvoker.invokeMethod(TestInvoker.java:598)
at org.testng.internal.TestInvoker.invokeTestMethod(TestInvoker.java:173)
at org.testng.internal.MethodRunner.runInSequence(MethodRunner.java:46)
at org.testng.internal.TestInvoker$MethodInvocationAgent.invoke(TestInvoker.java:824)
at org.testng.internal.TestInvoker.invokeTestMethods(TestInvoker.java:146)
at org.testng.internal.TestMethodWorker.invokeTestMethods(TestMethodWorker.java:146)
at org.testng.internal.TestMethodWorker.run(TestMethodWorker.java:128)
at java.util.ArrayList.forEach(ArrayList.java:1257)
at org.testng.TestRunner.privateRun(TestRunner.java:794)
at org.testng.TestRunner.run(TestRunner.java:596)
at org.testng.SuiteRunner.runTest(SuiteRunner.java:377)
at org.testng.SuiteRunner.runSequentially(SuiteRunner.java:371)
at org.testng.SuiteRunner.privateRun(SuiteRunner.java:332)
at org.testng.SuiteRunner.run(SuiteRunner.java:276)
at org.testng.SuiteRunnerWorker.runSuite(SuiteRunnerWorker.java:53)
at org.testng.SuiteRunnerWorker.run(SuiteRunnerWorker.java:96)
at org.testng.TestNG.runSuitesSequentially(TestNG.java:1212)
at org.testng.TestNG.runSuitesLocally(TestNG.java:1134)
at org.testng.TestNG.runSuites(TestNG.java:1063)
at org.testng.TestNG.run(TestNG.java:1031)
at org.testng.remote.AbstractRemoteTestNG.run(AbstractRemoteTestNG.java:115)
at org.testng.remote.RemoteTestNG.initAndRun(RemoteTestNG.java:251)
at org.testng.remote.RemoteTestNG.main(RemoteTestNG.java:77)
]]>
            </full-stacktrace>
          </exception> <!-- org.openqa.selenium.NoSuchElementException -->
          <reporter-output>
          </reporter-output>
        </test-method> <!-- search_2 -->
      </class> <!-- Appium.framework.Testcases -->
    </test> <!-- Default test -->
  </suite> <!-- Default suite -->
</testng-results>
